<?xml version="1.0" encoding="UTF-8"?>
<testng-results skipped="0" failed="0" ignored="0" total="1" passed="1">
  <reporter-output>
  </reporter-output>
  <suite name="Command line suite" duration-ms="6" started-at="2019-03-31T02:05:02Z" finished-at="2019-03-31T02:05:02Z">
    <groups>
    </groups>
    <test name="Command line test" duration-ms="6" started-at="2019-03-31T02:05:02Z" finished-at="2019-03-31T02:05:02Z">
      <class name="Demo.demo.AppTest">
        <test-method status="PASS" signature="testApp()[pri:0, instance:testApp(Demo.demo.AppTest)]" name="testApp" duration-ms="0" started-at="2019-03-31T02:05:02Z" finished-at="2019-03-31T02:05:02Z">
          <reporter-output>
          </reporter-output>
        </test-method> <!-- testApp -->
      </class> <!-- Demo.demo.AppTest -->
    </test> <!-- Command line test -->
  </suite> <!-- Command line suite -->
</testng-results>
