<?xml version="1.0" encoding="UTF-8"?>
<testng-results skipped="0" failed="0" ignored="0" total="1" passed="1">
  <reporter-output>
  </reporter-output>
  <suite name="Command line suite" duration-ms="4352" started-at="2019-03-31T00:15:53Z" finished-at="2019-03-31T00:15:57Z">
    <groups>
    </groups>
    <test name="Command line test" duration-ms="4352" started-at="2019-03-31T00:15:53Z" finished-at="2019-03-31T00:15:57Z">
      <class name="Demo.demo.FirefoxTest">
        <test-method status="PASS" signature="FFTest()[pri:0, instance:Demo.demo.FirefoxTest@73f792cf]" name="FFTest" duration-ms="4330" started-at="2019-03-31T00:15:53Z" finished-at="2019-03-31T00:15:57Z">
          <reporter-output>
          </reporter-output>
        </test-method> <!-- FFTest -->
      </class> <!-- Demo.demo.FirefoxTest -->
    </test> <!-- Command line test -->
  </suite> <!-- Command line suite -->
</testng-results>
