<?xml version="1.0" encoding="UTF-8"?>
<testng-results skipped="0" failed="0" ignored="0" total="1" passed="1">
  <reporter-output>
  </reporter-output>
  <suite name="Default suite" duration-ms="5608" started-at="2019-03-31T02:17:14Z" finished-at="2019-03-31T02:17:20Z">
    <groups>
    </groups>
    <test name="Default test" duration-ms="5608" started-at="2019-03-31T02:17:14Z" finished-at="2019-03-31T02:17:20Z">
      <class name="Demo.demo.FirefoxTest">
        <test-method status="PASS" signature="FFTest()[pri:0, instance:Demo.demo.FirefoxTest@28d25987]" name="FFTest" duration-ms="5590" started-at="2019-03-31T02:17:14Z" finished-at="2019-03-31T02:17:20Z">
          <reporter-output>
          </reporter-output>
        </test-method> <!-- FFTest -->
      </class> <!-- Demo.demo.FirefoxTest -->
    </test> <!-- Default test -->
  </suite> <!-- Default suite -->
</testng-results>
